<?xml version="1.0" encoding="UTF-8"?>
<!-- Generated by org.testng.reporters.JUnitReportReporter -->
<testsuite skipped="0" hostname="chiran-ThinkPad-X1-Carbon-4th" name="org.wso2.extension.siddhi.execution.bny.streamprocessor.TestCaseOfBNYStreamProcessor" tests="1" failures="0" timestamp="29 Nov 2018 18:38:42 GMT" time="1.460" errors="0">
  <testcase name="testCreateFromJSONFunctionExtension" time="1.460" classname="org.wso2.extension.siddhi.execution.bny.streamprocessor.TestCaseOfBNYStreamProcessor"/>
</testsuite> <!-- org.wso2.extension.siddhi.execution.bny.streamprocessor.TestCaseOfBNYStreamProcessor -->
